[13:03:58] [main/INFO] (FabricLoader/GameProvider) Loading Minecraft 1.21.8 with Fabric Loader 0.17.2
[13:03:58] [main/DEBUG] (FabricLoader/GamePatch) Found game constructor: net.minecraft.client.main.Main -> net.minecraft.client.MinecraftClient
[13:03:58] [main/DEBUG] (FabricLoader/GamePatch) Patching game constructor <init>(Lnet/minecraft/client/RunArgs;)V
[13:03:58] [main/DEBUG] (FabricLoader/GamePatch) Run directory field is thought to be net/minecraft/client/MinecraftClient/runDirectory
[13:03:58] [main/DEBUG] (FabricLoader/GamePatch) Applying brand name hook to net/minecraft/client/ClientBrandRetriever::getClientModName
[13:03:58] [main/DEBUG] (FabricLoader/GamePatch) Applying brand name hook to net/minecraft/server/MinecraftServer::getServerModName
[13:03:58] [main/DEBUG] (FabricLoader/Mappings) Loading mappings took 88.49 ms
[13:03:58] [main/DEBUG] (FabricLoader/GamePatch) Patched 3 classs
[13:03:58] [main/DEBUG] (FabricLoader/Discovery) Mod discovery time: 12.4 ms
[13:03:58] [main/DEBUG] (FabricLoader/Resolution) Mod resolution time: 22.7 ms
[13:03:58] [main/INFO] (FabricLoader) Loading 50 mods:
	- fabric-api 0.133.4+1.21.8
	- fabric-api-base 0.5.0+cd8c0daa2c
	- fabric-api-lookup-api-v1 1.6.101+946bf4c32c
	- fabric-biome-api-v1 16.0.11+946bf4c32c
	- fabric-block-api-v1 1.1.3+946bf4c32c
	- fabric-block-view-api-v2 1.0.31+946bf4c32c
	- fabric-client-gametest-api-v1 4.2.5+8a98c3fc2c
	- fabric-command-api-v2 2.3.1+52fff9ec2c
	- fabric-content-registries-v0 10.1.0+c75de69d2c
	- fabric-convention-tags-v1 2.1.41+7f945d5b2c
	- fabric-convention-tags-v2 2.15.6+eb5df52f2c
	- fabric-crash-report-info-v1 0.3.15+946bf4c32c
	- fabric-data-attachment-api-v1 1.8.13+38b5f74e2c
	- fabric-data-generation-api-v1 23.2.7+0b1ef9762c
	- fabric-dimensions-v1 4.0.20+948fc79a2c
	- fabric-entity-events-v1 2.1.2+c9e472732c
	- fabric-events-interaction-v0 4.0.25+946bf4c32c
	- fabric-game-rule-api-v1 1.0.73+c64c9c5b2c
	- fabric-gametest-api-v1 3.1.10+39ce47f52c
	- fabric-item-api-v1 11.5.0+02ce13f42c
	- fabric-item-group-api-v1 4.2.14+c5f9bbc12c
	- fabric-key-binding-api-v1 1.0.65+946bf4c32c
	- fabric-lifecycle-events-v1 2.6.4+db4dfd852c
	- fabric-loot-api-v2 3.0.56+3f89f5a52c
	- fabric-loot-api-v3 2.0.3+946bf4c32c
	- fabric-message-api-v1 6.1.2+946bf4c32c
	- fabric-model-loading-api-v1 5.2.7+946bf4c32c
	- fabric-networking-api-v1 5.0.3+4ddbf91b2c
	- fabric-object-builder-api-v1 21.1.9+946bf4c32c
	- fabric-particles-v1 4.1.9+946bf4c32c
	- fabric-recipe-api-v1 8.1.16+946bf4c32c
	- fabric-registry-sync-v0 6.1.29+946bf4c32c
	- fabric-renderer-api-v1 7.0.4+208eed172c
	- fabric-renderer-indigo 4.0.4+946bf4c32c
	- fabric-rendering-fluids-v1 3.1.31+fa6cb72b2c
	- fabric-rendering-v1 12.5.1+fbe231d52c
	- fabric-resource-conditions-api-v1 5.0.25+98e6d6db2c
	- fabric-resource-loader-v0 3.1.12+020423442c
	- fabric-screen-api-v1 2.1.1+277ecf7d2c
	- fabric-screen-handler-api-v1 1.3.138+946bf4c32c
	- fabric-serialization-api-v1 1.0.0+fc0e5aba2c
	- fabric-sound-api-v1 1.0.42+946bf4c32c
	- fabric-tag-api-v1 1.2.2+946bf4c32c
	- fabric-transfer-api-v1 6.0.6+946bf4c32c
	- fabric-transitive-access-wideners-v1 6.5.0+c847ce762c
	- fabricloader 0.17.2
	- java 21
	- minecraft 1.21.8
	- mixinextras 0.5.0
	- pathmind 1.0.0
[13:03:58] [main/DEBUG] (FabricLoader/Knot) Adding /Users/holdenthomas/Documents/pathmind/.gradle/loom-cache/remapped_mods/net_fabricmc_yarn_1_21_8_1_21_8_build_1_v2/net/fabricmc/fabric-api/fabric-transfer-api-v1/6.0.6+946bf4c32c/fabric-transfer-api-v1-6.0.6+946bf4c32c.jar to classpath.
[13:03:58] [main/DEBUG] (FabricLoader/Knot) Adding /Users/holdenthomas/Documents/pathmind/.gradle/loom-cache/remapped_mods/net_fabricmc_yarn_1_21_8_1_21_8_build_1_v2/net/fabricmc/fabric-api/fabric-block-api-v1/1.1.3+946bf4c32c/fabric-block-api-v1-1.1.3+946bf4c32c.jar to classpath.
[13:03:58] [main/DEBUG] (FabricLoader/Knot) Adding /Users/holdenthomas/Documents/pathmind/.gradle/loom-cache/remapped_mods/net_fabricmc_yarn_1_21_8_1_21_8_build_1_v2/net/fabricmc/fabric-api/fabric-model-loading-api-v1/5.2.7+946bf4c32c/fabric-model-loading-api-v1-5.2.7+946bf4c32c.jar to classpath.
[13:03:58] [main/DEBUG] (FabricLoader/Knot) Adding /Users/holdenthomas/Documents/pathmind/.gradle/loom-cache/remapped_mods/net_fabricmc_yarn_1_21_8_1_21_8_build_1_v2/net/fabricmc/fabric-api/fabric-item-api-v1/11.5.0+02ce13f42c/fabric-item-api-v1-11.5.0+02ce13f42c.jar to classpath.
[13:03:58] [main/DEBUG] (FabricLoader/Knot) Adding /Users/holdenthomas/Documents/pathmind/.gradle/loom-cache/remapped_mods/net_fabricmc_yarn_1_21_8_1_21_8_build_1_v2/net/fabricmc/fabric-api/fabric-tag-api-v1/1.2.2+946bf4c32c/fabric-tag-api-v1-1.2.2+946bf4c32c.jar to classpath.
[13:03:58] [main/DEBUG] (FabricLoader/Knot) Adding /Users/holdenthomas/Documents/pathmind/.gradle/loom-cache/remapped_mods/net_fabricmc_yarn_1_21_8_1_21_8_build_1_v2/net/fabricmc/fabric-api/fabric-serialization-api-v1/1.0.0+fc0e5aba2c/fabric-serialization-api-v1-1.0.0+fc0e5aba2c.jar to classpath.
[13:03:58] [main/DEBUG] (FabricLoader/Knot) Adding /Users/holdenthomas/Documents/pathmind/.gradle/loom-cache/remapped_mods/net_fabricmc_yarn_1_21_8_1_21_8_build_1_v2/net/fabricmc/fabric-api/fabric-screen-handler-api-v1/1.3.138+946bf4c32c/fabric-screen-handler-api-v1-1.3.138+946bf4c32c.jar to classpath.
[13:03:58] [main/DEBUG] (FabricLoader/Knot) Adding /Users/holdenthomas/.gradle/caches/modules-2/files-2.1/io.github.llamalad7/mixinextras-fabric/0.5.0/91a83dfb7abd320f6236bd1fcf5c0ff143d59a13/mixinextras-fabric-0.5.0.jar to classpath.
[13:03:58] [main/DEBUG] (FabricLoader/Knot) Adding /Users/holdenthomas/Documents/pathmind/.gradle/loom-cache/remapped_mods/net_fabricmc_yarn_1_21_8_1_21_8_build_1_v2/net/fabricmc/fabric-api/fabric-biome-api-v1/16.0.11+946bf4c32c/fabric-biome-api-v1-16.0.11+946bf4c32c.jar to classpath.
[13:03:58] [main/DEBUG] (FabricLoader/Knot) Adding /Users/holdenthomas/Documents/pathmind/.gradle/loom-cache/remapped_mods/net_fabricmc_yarn_1_21_8_1_21_8_build_1_v2/net/fabricmc/fabric-api/fabric-resource-loader-v0/3.1.12+020423442c/fabric-resource-loader-v0-3.1.12+020423442c.jar to classpath.
[13:03:58] [main/DEBUG] (FabricLoader/Knot) Adding /Users/holdenthomas/Documents/pathmind/.gradle/loom-cache/remapped_mods/net_fabricmc_yarn_1_21_8_1_21_8_build_1_v2/net/fabricmc/fabric-api/fabric-loot-api-v2/3.0.56+3f89f5a52c/fabric-loot-api-v2-3.0.56+3f89f5a52c.jar to classpath.
[13:03:58] [main/DEBUG] (FabricLoader/Knot) Adding /Users/holdenthomas/Documents/pathmind/.gradle/loom-cache/remapped_mods/net_fabricmc_yarn_1_21_8_1_21_8_build_1_v2/net/fabricmc/fabric-api/fabric-screen-api-v1/2.1.1+277ecf7d2c/fabric-screen-api-v1-2.1.1+277ecf7d2c.jar to classpath.
[13:03:58] [main/DEBUG] (FabricLoader/Knot) Adding /Users/holdenthomas/Documents/pathmind/.gradle/loom-cache/remapped_mods/net_fabricmc_yarn_1_21_8_1_21_8_build_1_v2/net/fabricmc/fabric-api/fabric-networking-api-v1/5.0.3+4ddbf91b2c/fabric-networking-api-v1-5.0.3+4ddbf91b2c.jar to classpath.
[13:03:58] [main/DEBUG] (FabricLoader/Knot) Adding /Users/holdenthomas/Documents/pathmind/.gradle/loom-cache/remapped_mods/net_fabricmc_yarn_1_21_8_1_21_8_build_1_v2/net/fabricmc/fabric-api/fabric-crash-report-info-v1/0.3.15+946bf4c32c/fabric-crash-report-info-v1-0.3.15+946bf4c32c.jar to classpath.
[13:03:58] [main/DEBUG] (FabricLoader/Knot) Adding /Users/holdenthomas/Documents/pathmind/.gradle/loom-cache/remapped_mods/net_fabricmc_yarn_1_21_8_1_21_8_build_1_v2/net/fabricmc/fabric-api/fabric-api-lookup-api-v1/1.6.101+946bf4c32c/fabric-api-lookup-api-v1-1.6.101+946bf4c32c.jar to classpath.
[13:03:58] [main/DEBUG] (FabricLoader/Knot) Adding /Users/holdenthomas/Documents/pathmind/.gradle/loom-cache/remapped_mods/net_fabricmc_yarn_1_21_8_1_21_8_build_1_v2/net/fabricmc/fabric-api/fabric-key-binding-api-v1/1.0.65+946bf4c32c/fabric-key-binding-api-v1-1.0.65+946bf4c32c.jar to classpath.
[13:03:58] [main/DEBUG] (FabricLoader/Knot) Adding /Users/holdenthomas/Documents/pathmind/.gradle/loom-cache/remapped_mods/net_fabricmc_yarn_1_21_8_1_21_8_build_1_v2/net/fabricmc/fabric-api/fabric-block-view-api-v2/1.0.31+946bf4c32c/fabric-block-view-api-v2-1.0.31+946bf4c32c.jar to classpath.
[13:03:58] [main/DEBUG] (FabricLoader/Knot) Adding /Users/holdenthomas/Documents/pathmind/.gradle/loom-cache/remapped_mods/net_fabricmc_yarn_1_21_8_1_21_8_build_1_v2/net/fabricmc/fabric-api/fabric-renderer-indigo/4.0.4+946bf4c32c/fabric-renderer-indigo-4.0.4+946bf4c32c.jar to classpath.
[13:03:58] [main/DEBUG] (FabricLoader/Knot) Adding /Users/holdenthomas/Documents/pathmind/.gradle/loom-cache/remapped_mods/net_fabricmc_yarn_1_21_8_1_21_8_build_1_v2/net/fabricmc/fabric-api/fabric-resource-conditions-api-v1/5.0.25+98e6d6db2c/fabric-resource-conditions-api-v1-5.0.25+98e6d6db2c.jar to classpath.
[13:03:58] [main/DEBUG] (FabricLoader/Knot) Adding /Users/holdenthomas/Documents/pathmind/.gradle/loom-cache/remapped_mods/net_fabricmc_yarn_1_21_8_1_21_8_build_1_v2/net/fabricmc/fabric-api/fabric-registry-sync-v0/6.1.29+946bf4c32c/fabric-registry-sync-v0-6.1.29+946bf4c32c.jar to classpath.
[13:03:58] [main/DEBUG] (FabricLoader/Knot) Adding /Users/holdenthomas/Documents/pathmind/.gradle/loom-cache/remapped_mods/net_fabricmc_yarn_1_21_8_1_21_8_build_1_v2/net/fabricmc/fabric-api/fabric-client-gametest-api-v1/4.2.5+8a98c3fc2c/fabric-client-gametest-api-v1-4.2.5+8a98c3fc2c.jar to classpath.
[13:03:58] [main/DEBUG] (FabricLoader/Knot) Adding /Users/holdenthomas/Documents/pathmind/.gradle/loom-cache/remapped_mods/net_fabricmc_yarn_1_21_8_1_21_8_build_1_v2/net/fabricmc/fabric-api/fabric-api/0.133.4+1.21.8/fabric-api-0.133.4+1.21.8.jar to classpath.
[13:03:58] [main/DEBUG] (FabricLoader/Knot) Adding /Users/holdenthomas/Documents/pathmind/.gradle/loom-cache/remapped_mods/net_fabricmc_yarn_1_21_8_1_21_8_build_1_v2/net/fabricmc/fabric-api/fabric-gametest-api-v1/3.1.10+39ce47f52c/fabric-gametest-api-v1-3.1.10+39ce47f52c.jar to classpath.
[13:03:58] [main/DEBUG] (FabricLoader/Knot) Adding /Users/holdenthomas/Documents/pathmind/.gradle/loom-cache/remapped_mods/net_fabricmc_yarn_1_21_8_1_21_8_build_1_v2/net/fabricmc/fabric-api/fabric-rendering-v1/12.5.1+fbe231d52c/fabric-rendering-v1-12.5.1+fbe231d52c.jar to classpath.
[13:03:58] [main/DEBUG] (FabricLoader/Knot) Adding /Users/holdenthomas/Documents/pathmind/.gradle/loom-cache/remapped_mods/net_fabricmc_yarn_1_21_8_1_21_8_build_1_v2/net/fabricmc/fabric-api/fabric-data-generation-api-v1/23.2.7+0b1ef9762c/fabric-data-generation-api-v1-23.2.7+0b1ef9762c.jar to classpath.
[13:03:58] [main/DEBUG] (FabricLoader/Knot) Adding /Users/holdenthomas/Documents/pathmind/.gradle/loom-cache/remapped_mods/net_fabricmc_yarn_1_21_8_1_21_8_build_1_v2/net/fabricmc/fabric-api/fabric-sound-api-v1/1.0.42+946bf4c32c/fabric-sound-api-v1-1.0.42+946bf4c32c.jar to classpath.
[13:03:58] [main/DEBUG] (FabricLoader/Knot) Adding /Users/holdenthomas/Documents/pathmind/.gradle/loom-cache/remapped_mods/net_fabricmc_yarn_1_21_8_1_21_8_build_1_v2/net/fabricmc/fabric-api/fabric-item-group-api-v1/4.2.14+c5f9bbc12c/fabric-item-group-api-v1-4.2.14+c5f9bbc12c.jar to classpath.
[13:03:58] [main/DEBUG] (FabricLoader/Knot) Adding /Users/holdenthomas/Documents/pathmind/.gradle/loom-cache/remapped_mods/net_fabricmc_yarn_1_21_8_1_21_8_build_1_v2/net/fabricmc/fabric-api/fabric-events-interaction-v0/4.0.25+946bf4c32c/fabric-events-interaction-v0-4.0.25+946bf4c32c.jar to classpath.
[13:03:58] [main/DEBUG] (FabricLoader/Knot) Adding /Users/holdenthomas/Documents/pathmind/.gradle/loom-cache/remapped_mods/net_fabricmc_yarn_1_21_8_1_21_8_build_1_v2/net/fabricmc/fabric-api/fabric-rendering-fluids-v1/3.1.31+fa6cb72b2c/fabric-rendering-fluids-v1-3.1.31+fa6cb72b2c.jar to classpath.
[13:03:58] [main/DEBUG] (FabricLoader/Knot) Adding /Users/holdenthomas/Documents/pathmind/.gradle/loom-cache/remapped_mods/net_fabricmc_yarn_1_21_8_1_21_8_build_1_v2/net/fabricmc/fabric-api/fabric-particles-v1/4.1.9+946bf4c32c/fabric-particles-v1-4.1.9+946bf4c32c.jar to classpath.
[13:03:58] [main/DEBUG] (FabricLoader/Knot) Adding /Users/holdenthomas/Documents/pathmind/.gradle/loom-cache/remapped_mods/net_fabricmc_yarn_1_21_8_1_21_8_build_1_v2/net/fabricmc/fabric-api/fabric-convention-tags-v1/2.1.41+7f945d5b2c/fabric-convention-tags-v1-2.1.41+7f945d5b2c.jar to classpath.
[13:03:58] [main/DEBUG] (FabricLoader/Knot) Adding /Users/holdenthomas/Documents/pathmind/.gradle/loom-cache/remapped_mods/net_fabricmc_yarn_1_21_8_1_21_8_build_1_v2/net/fabricmc/fabric-api/fabric-entity-events-v1/2.1.2+c9e472732c/fabric-entity-events-v1-2.1.2+c9e472732c.jar to classpath.
[13:03:58] [main/DEBUG] (FabricLoader/Knot) Adding /Users/holdenthomas/Documents/pathmind/.gradle/loom-cache/remapped_mods/net_fabricmc_yarn_1_21_8_1_21_8_build_1_v2/net/fabricmc/fabric-api/fabric-game-rule-api-v1/1.0.73+c64c9c5b2c/fabric-game-rule-api-v1-1.0.73+c64c9c5b2c.jar to classpath.
[13:03:58] [main/DEBUG] (FabricLoader/Knot) Adding /Users/holdenthomas/Documents/pathmind/.gradle/loom-cache/remapped_mods/net_fabricmc_yarn_1_21_8_1_21_8_build_1_v2/net/fabricmc/fabric-api/fabric-api-base/0.5.0+cd8c0daa2c/fabric-api-base-0.5.0+cd8c0daa2c.jar to classpath.
[13:03:58] [main/DEBUG] (FabricLoader/Knot) Adding /Users/holdenthomas/Documents/pathmind/.gradle/loom-cache/remapped_mods/net_fabricmc_yarn_1_21_8_1_21_8_build_1_v2/net/fabricmc/fabric-api/fabric-object-builder-api-v1/21.1.9+946bf4c32c/fabric-object-builder-api-v1-21.1.9+946bf4c32c.jar to classpath.
[13:03:58] [main/DEBUG] (FabricLoader/Knot) Adding /Users/holdenthomas/Documents/pathmind/.gradle/loom-cache/remapped_mods/net_fabricmc_yarn_1_21_8_1_21_8_build_1_v2/net/fabricmc/fabric-api/fabric-message-api-v1/6.1.2+946bf4c32c/fabric-message-api-v1-6.1.2+946bf4c32c.jar to classpath.
[13:03:58] [main/DEBUG] (FabricLoader/Knot) Adding /Users/holdenthomas/Documents/pathmind/.gradle/loom-cache/remapped_mods/net_fabricmc_yarn_1_21_8_1_21_8_build_1_v2/net/fabricmc/fabric-api/fabric-dimensions-v1/4.0.20+948fc79a2c/fabric-dimensions-v1-4.0.20+948fc79a2c.jar to classpath.
[13:03:58] [main/DEBUG] (FabricLoader/Knot) Adding /Users/holdenthomas/Documents/pathmind/.gradle/loom-cache/remapped_mods/net_fabricmc_yarn_1_21_8_1_21_8_build_1_v2/net/fabricmc/fabric-api/fabric-renderer-api-v1/7.0.4+208eed172c/fabric-renderer-api-v1-7.0.4+208eed172c.jar to classpath.
[13:03:58] [main/DEBUG] (FabricLoader/Knot) Adding /Users/holdenthomas/Documents/pathmind/.gradle/loom-cache/remapped_mods/net_fabricmc_yarn_1_21_8_1_21_8_build_1_v2/net/fabricmc/fabric-api/fabric-command-api-v2/2.3.1+52fff9ec2c/fabric-command-api-v2-2.3.1+52fff9ec2c.jar to classpath.
[13:03:58] [main/DEBUG] (FabricLoader/Knot) Adding /Users/holdenthomas/Documents/pathmind/.gradle/loom-cache/remapped_mods/net_fabricmc_yarn_1_21_8_1_21_8_build_1_v2/net/fabricmc/fabric-api/fabric-transitive-access-wideners-v1/6.5.0+c847ce762c/fabric-transitive-access-wideners-v1-6.5.0+c847ce762c.jar to classpath.
[13:03:58] [main/DEBUG] (FabricLoader/Knot) Adding /Users/holdenthomas/Documents/pathmind/.gradle/loom-cache/remapped_mods/net_fabricmc_yarn_1_21_8_1_21_8_build_1_v2/net/fabricmc/fabric-api/fabric-data-attachment-api-v1/1.8.13+38b5f74e2c/fabric-data-attachment-api-v1-1.8.13+38b5f74e2c.jar to classpath.
[13:03:58] [main/DEBUG] (FabricLoader/Knot) Adding /Users/holdenthomas/Documents/pathmind/.gradle/loom-cache/remapped_mods/net_fabricmc_yarn_1_21_8_1_21_8_build_1_v2/net/fabricmc/fabric-api/fabric-convention-tags-v2/2.15.6+eb5df52f2c/fabric-convention-tags-v2-2.15.6+eb5df52f2c.jar to classpath.
[13:03:58] [main/DEBUG] (FabricLoader/Knot) Adding /Users/holdenthomas/Documents/pathmind/.gradle/loom-cache/remapped_mods/net_fabricmc_yarn_1_21_8_1_21_8_build_1_v2/net/fabricmc/fabric-api/fabric-content-registries-v0/10.1.0+c75de69d2c/fabric-content-registries-v0-10.1.0+c75de69d2c.jar to classpath.
[13:03:58] [main/DEBUG] (FabricLoader/Knot) Adding /Users/holdenthomas/Documents/pathmind/.gradle/loom-cache/remapped_mods/net_fabricmc_yarn_1_21_8_1_21_8_build_1_v2/net/fabricmc/fabric-api/fabric-recipe-api-v1/8.1.16+946bf4c32c/fabric-recipe-api-v1-8.1.16+946bf4c32c.jar to classpath.
[13:03:58] [main/DEBUG] (FabricLoader/Knot) Adding /Users/holdenthomas/Documents/pathmind/build/resources/main to classpath.
[13:03:58] [main/DEBUG] (FabricLoader/Knot) Adding /Users/holdenthomas/Documents/pathmind/.gradle/loom-cache/remapped_mods/net_fabricmc_yarn_1_21_8_1_21_8_build_1_v2/net/fabricmc/fabric-api/fabric-lifecycle-events-v1/2.6.4+db4dfd852c/fabric-lifecycle-events-v1-2.6.4+db4dfd852c.jar to classpath.
[13:03:58] [main/DEBUG] (FabricLoader/Knot) Adding /Users/holdenthomas/Documents/pathmind/.gradle/loom-cache/remapped_mods/net_fabricmc_yarn_1_21_8_1_21_8_build_1_v2/net/fabricmc/fabric-api/fabric-loot-api-v3/2.0.3+946bf4c32c/fabric-loot-api-v3-2.0.3+946bf4c32c.jar to classpath.
[13:03:58] [main/DEBUG] (FabricLoader/Entrypoint) Registering new-style initializer net.fabricmc.fabric.impl.client.model.loading.CustomUnbakedBlockStateModelInit for mod fabric-model-loading-api-v1 (key client)
[13:03:58] [main/DEBUG] (FabricLoader/Entrypoint) Registering new-style initializer net.fabricmc.fabric.impl.tag.TagInit for mod fabric-tag-api-v1 (key main)
[13:03:58] [main/DEBUG] (FabricLoader/Entrypoint) Registering new-style initializer net.fabricmc.fabric.impl.screenhandler.client.ClientNetworking for mod fabric-screen-handler-api-v1 (key client)
[13:03:58] [main/DEBUG] (FabricLoader/Entrypoint) Registering new-style initializer net.fabricmc.fabric.impl.screenhandler.Networking for mod fabric-screen-handler-api-v1 (key main)
[13:03:58] [main/DEBUG] (FabricLoader/Entrypoint) Registering new-style initializer net.fabricmc.fabric.impl.loot.v2.LootInitializer for mod fabric-loot-api-v2 (key main)
[13:03:58] [main/DEBUG] (FabricLoader/Entrypoint) Registering new-style initializer net.fabricmc.fabric.impl.networking.client.ClientNetworkingImpl::clientInit for mod fabric-networking-api-v1 (key client)
[13:03:58] [main/DEBUG] (FabricLoader/Entrypoint) Registering new-style initializer net.fabricmc.fabric.impl.networking.CommonPacketsImpl::init for mod fabric-networking-api-v1 (key main)
[13:03:58] [main/DEBUG] (FabricLoader/Entrypoint) Registering new-style initializer net.fabricmc.fabric.impl.networking.NetworkingImpl::init for mod fabric-networking-api-v1 (key main)
[13:03:58] [main/DEBUG] (FabricLoader/Entrypoint) Registering new-style initializer net.fabricmc.fabric.impl.lookup.ApiLookupImpl for mod fabric-api-lookup-api-v1 (key main)
[13:03:58] [main/DEBUG] (FabricLoader/Entrypoint) Registering new-style initializer net.fabricmc.fabric.impl.client.indigo.Indigo for mod fabric-renderer-indigo (key client)
[13:03:58] [main/DEBUG] (FabricLoader/Entrypoint) Registering new-style initializer net.fabricmc.fabric.impl.resource.conditions.ResourceConditionsImpl for mod fabric-resource-conditions-api-v1 (key main)
[13:03:58] [main/DEBUG] (FabricLoader/Entrypoint) Registering new-style initializer net.fabricmc.fabric.impl.client.registry.sync.FabricRegistryClientInit for mod fabric-registry-sync-v0 (key client)
[13:03:58] [main/DEBUG] (FabricLoader/Entrypoint) Registering new-style initializer net.fabricmc.fabric.impl.registry.sync.FabricRegistryInit for mod fabric-registry-sync-v0 (key main)
[13:03:58] [main/DEBUG] (FabricLoader/Entrypoint) Registering new-style initializer net.fabricmc.fabric.impl.gametest.FabricGameTestModInitializer for mod fabric-gametest-api-v1 (key main)
[13:03:58] [main/DEBUG] (FabricLoader/Entrypoint) Registering new-style initializer net.fabricmc.fabric.impl.client.rendering.hud.HudStatusBarHeightRegistryImpl for mod fabric-rendering-v1 (key client)
[13:03:58] [main/DEBUG] (FabricLoader/Entrypoint) Registering new-style initializer net.fabricmc.fabric.impl.event.interaction.InteractionEventsRouter for mod fabric-events-interaction-v0 (key main)
[13:03:58] [main/DEBUG] (FabricLoader/Entrypoint) Registering new-style initializer net.fabricmc.fabric.impl.client.particle.ExtendedBlockStateParticleEffectSyncClient for mod fabric-particles-v1 (key client)
[13:03:58] [main/DEBUG] (FabricLoader/Entrypoint) Registering new-style initializer net.fabricmc.fabric.impl.particle.ExtendedBlockStateParticleEffectSync for mod fabric-particles-v1 (key main)
[13:03:58] [main/DEBUG] (FabricLoader/Entrypoint) Registering new-style initializer net.fabricmc.fabric.impl.tag.convention.ConventionLogWarnings for mod fabric-convention-tags-v1 (key main)
[13:03:58] [main/DEBUG] (FabricLoader/Entrypoint) Registering new-style initializer net.fabricmc.fabric.impl.renderer.DebugHudClient for mod fabric-renderer-api-v1 (key client)
[13:03:58] [main/DEBUG] (FabricLoader/Entrypoint) Registering new-style initializer net.fabricmc.fabric.impl.attachment.client.AttachmentSyncClient for mod fabric-data-attachment-api-v1 (key client)
[13:03:58] [main/DEBUG] (FabricLoader/Entrypoint) Registering new-style initializer net.fabricmc.fabric.impl.attachment.AttachmentEntrypoint for mod fabric-data-attachment-api-v1 (key main)
[13:03:58] [main/DEBUG] (FabricLoader/Entrypoint) Registering new-style initializer net.fabricmc.fabric.impl.attachment.sync.AttachmentSync for mod fabric-data-attachment-api-v1 (key main)
[13:03:58] [main/DEBUG] (FabricLoader/Entrypoint) Registering new-style initializer net.fabricmc.fabric.impl.tag.convention.v2.TranslationConventionLogWarnings for mod fabric-convention-tags-v2 (key main)
[13:03:58] [main/DEBUG] (FabricLoader/Entrypoint) Registering new-style initializer net.fabricmc.fabric.impl.recipe.ingredient.client.CustomIngredientSyncClient for mod fabric-recipe-api-v1 (key client)
[13:03:58] [main/DEBUG] (FabricLoader/Entrypoint) Registering new-style initializer net.fabricmc.fabric.impl.recipe.ingredient.CustomIngredientInit for mod fabric-recipe-api-v1 (key main)
[13:03:58] [main/DEBUG] (FabricLoader/Entrypoint) Registering new-style initializer net.fabricmc.fabric.impl.recipe.ingredient.CustomIngredientSync for mod fabric-recipe-api-v1 (key main)
[13:03:58] [main/DEBUG] (FabricLoader/Entrypoint) Registering new-style initializer com.pathmind.PathmindClientMod for mod pathmind (key client)
[13:03:58] [main/DEBUG] (FabricLoader/Entrypoint) Registering new-style initializer com.pathmind.PathmindMod for mod pathmind (key main)
[13:03:58] [main/DEBUG] (FabricLoader/Entrypoint) Registering new-style initializer net.fabricmc.fabric.impl.client.event.lifecycle.ClientLifecycleEventsImpl for mod fabric-lifecycle-events-v1 (key client)
[13:03:58] [main/DEBUG] (FabricLoader/Entrypoint) Registering new-style initializer net.fabricmc.fabric.impl.event.lifecycle.LifecycleEventsImpl for mod fabric-lifecycle-events-v1 (key main)
[13:03:58] [main/INFO] (FabricLoader/Mixin) SpongePowered MIXIN Subsystem Version=0.8.7 Source=file:/Users/holdenthomas/.gradle/caches/modules-2/files-2.1/net.fabricmc/sponge-mixin/0.16.3+mixin.0.8.7/3e535042688d1265447e52ad86950b7d9678a5fa/sponge-mixin-0.16.3+mixin.0.8.7.jar Service=Knot/Fabric Env=CLIENT
[13:03:58] [main/DEBUG] (FabricLoader/Mixin) Initialising Mixin Platform Manager
[13:03:58] [main/DEBUG] (FabricLoader/Mixin) Adding mixin platform agents for container ContainerHandleURI(file:///Users/holdenthomas/.gradle/caches/modules-2/files-2.1/net.fabricmc/fabric-loader/0.17.2/647622ac4163aad5ed5f79ccb532e31225562aa/fabric-loader-0.17.2.jar)
[13:03:58] [main/DEBUG] (FabricLoader/Mixin) Instancing new MixinPlatformAgentDefault for ContainerHandleURI(file:///Users/holdenthomas/.gradle/caches/modules-2/files-2.1/net.fabricmc/fabric-loader/0.17.2/647622ac4163aad5ed5f79ccb532e31225562aa/fabric-loader-0.17.2.jar)
[13:03:58] [main/DEBUG] (FabricLoader/Mixin) MixinPlatformAgentDefault accepted container ContainerHandleURI(file:///Users/holdenthomas/.gradle/caches/modules-2/files-2.1/net.fabricmc/fabric-loader/0.17.2/647622ac4163aad5ed5f79ccb532e31225562aa/fabric-loader-0.17.2.jar)
[13:03:58] [main/DEBUG] (FabricLoader/Mixin) Instancing new MixinPlatformAgentDefault for ContainerHandleURI(file:///Users/holdenthomas/.gradle/caches/modules-2/files-2.1/net.fabricmc/fabric-loader/0.17.2/647622ac4163aad5ed5f79ccb532e31225562aa/fabric-loader-0.17.2.jar)
[13:03:58] [main/DEBUG] (FabricLoader/Mixin) MixinPlatformAgentDefault accepted container ContainerHandleURI(file:///Users/holdenthomas/.gradle/caches/modules-2/files-2.1/net.fabricmc/fabric-loader/0.17.2/647622ac4163aad5ed5f79ccb532e31225562aa/fabric-loader-0.17.2.jar)
[13:03:58] [main/DEBUG] (FabricLoader/Mixin) Processing prepare() for PlatformAgent[MixinPlatformAgentDefault:ContainerHandleURI(file:///Users/holdenthomas/.gradle/caches/modules-2/files-2.1/net.fabricmc/fabric-loader/0.17.2/647622ac4163aad5ed5f79ccb532e31225562aa/fabric-loader-0.17.2.jar)]
[13:03:58] [main/DEBUG] (FabricLoader/Mixin) Processing prepare() for PlatformAgent[MixinPlatformAgentDefault:ContainerHandleURI(file:///Users/holdenthomas/.gradle/caches/modules-2/files-2.1/net.fabricmc/fabric-loader/0.17.2/647622ac4163aad5ed5f79ccb532e31225562aa/fabric-loader-0.17.2.jar)]
[13:03:58] [main/INFO] (FabricLoader/Mixin) Loaded Fabric development mappings for mixin remapper!
[13:03:58] [main/DEBUG] (FabricLoader/Mixin) Compatibility level JAVA_21 specified by fabric-transfer-api-v1.mixins.json is higher than the maximum level supported by this version of mixin (JAVA_13).
[13:03:58] [main/INFO] (FabricLoader/Mixin) Compatibility level set to JAVA_21
[13:03:58] [main/DEBUG] (FabricLoader/Mixin) Mixin config fabric-transfer-api-v1.mixins.json does not specify "minVersion" or "requiredFeatures" property
[13:03:58] [main/DEBUG] (FabricLoader/Mixin) Mixin config fabric-block-api-v1.mixins.json does not specify "minVersion" or "requiredFeatures" property
[13:03:58] [main/DEBUG] (FabricLoader/Mixin) Mixin config fabric-model-loading-api-v1.mixins.json does not specify "minVersion" or "requiredFeatures" property
[13:03:58] [main/DEBUG] (FabricLoader/Mixin) Mixin config fabric-item-api-v1.mixins.json does not specify "minVersion" or "requiredFeatures" property
[13:03:58] [main/DEBUG] (FabricLoader/Mixin) Mixin config fabric-item-api-v1.client.mixins.json does not specify "minVersion" or "requiredFeatures" property
[13:03:58] [main/DEBUG] (FabricLoader/Mixin) Mixin config fabric-tag-api-v1.mixins.json does not specify "minVersion" or "requiredFeatures" property
[13:03:58] [main/DEBUG] (FabricLoader/Mixin) Mixin config fabric-serialization-api-v1.mixins.json does not specify "minVersion" or "requiredFeatures" property
[13:03:58] [main/DEBUG] (FabricLoader/Mixin) Mixin config fabric-screen-handler-api-v1.mixins.json does not specify "minVersion" or "requiredFeatures" property
[13:03:58] [main/DEBUG] (FabricLoader/Mixin) Mixin config fabric-biome-api-v1.mixins.json does not specify "minVersion" or "requiredFeatures" property
[13:03:58] [main/DEBUG] (FabricLoader/Mixin) Mixin config fabric-resource-loader-v0.mixins.json does not specify "minVersion" or "requiredFeatures" property
[13:03:58] [main/DEBUG] (FabricLoader/Mixin) Mixin config fabric-resource-loader-v0.client.mixins.json does not specify "minVersion" or "requiredFeatures" property
[13:03:58] [main/DEBUG] (FabricLoader/Mixin) Mixin config fabric-loot-api-v2.mixins.json does not specify "minVersion" or "requiredFeatures" property
[13:03:58] [main/DEBUG] (FabricLoader/Mixin) Mixin config fabric-screen-api-v1.mixins.json does not specify "minVersion" or "requiredFeatures" property
[13:03:58] [main/DEBUG] (FabricLoader/Mixin) Mixin config fabric-networking-api-v1.mixins.json does not specify "minVersion" or "requiredFeatures" property
[13:03:58] [main/DEBUG] (FabricLoader/Mixin) Mixin config fabric-networking-api-v1.client.mixins.json does not specify "minVersion" or "requiredFeatures" property
[13:03:58] [main/DEBUG] (FabricLoader/Mixin) Mixin config fabric-crash-report-info-v1.mixins.json does not specify "minVersion" or "requiredFeatures" property
[13:03:58] [main/DEBUG] (FabricLoader/Mixin) Mixin config fabric-api-lookup-api-v1.mixins.json does not specify "minVersion" or "requiredFeatures" property
[13:03:58] [main/DEBUG] (FabricLoader/Mixin) Mixin config fabric-key-binding-api-v1.mixins.json does not specify "minVersion" or "requiredFeatures" property
[13:03:58] [main/DEBUG] (FabricLoader/Mixin) Mixin config fabric-block-view-api-v2.mixins.json does not specify "minVersion" or "requiredFeatures" property
[13:03:58] [main/DEBUG] (FabricLoader/Mixin) Mixin config fabric-block-view-api-v2.client.mixins.json does not specify "minVersion" or "requiredFeatures" property
[13:03:58] [main/DEBUG] (FabricLoader/Mixin) Mixin config fabric-renderer-indigo.mixins.json does not specify "minVersion" or "requiredFeatures" property
[13:03:58] [main/DEBUG] (FabricLoader/Mixin) Mixin config fabric-resource-conditions-api-v1.mixins.json does not specify "minVersion" or "requiredFeatures" property
[13:03:58] [main/DEBUG] (FabricLoader/Mixin) Mixin config fabric-registry-sync-v0.mixins.json does not specify "minVersion" or "requiredFeatures" property
[13:03:58] [main/DEBUG] (FabricLoader/Mixin) Mixin config fabric-registry-sync-v0.client.mixins.json does not specify "minVersion" or "requiredFeatures" property
[13:03:58] [main/DEBUG] (FabricLoader/Mixin) Mixin config fabric-client-gametest-api-v1.mixins.json does not specify "minVersion" or "requiredFeatures" property
[13:03:58] [main/DEBUG] (FabricLoader/Mixin) Mixin config fabric-gametest-api-v1.mixins.json does not specify "minVersion" or "requiredFeatures" property
[13:03:58] [main/DEBUG] (FabricLoader/Mixin) Mixin config fabric-rendering-v1.mixins.json does not specify "minVersion" or "requiredFeatures" property
[13:03:58] [main/DEBUG] (FabricLoader/Mixin) Mixin config fabric-data-generation-api-v1.mixins.json does not specify "minVersion" or "requiredFeatures" property
[13:03:58] [main/DEBUG] (FabricLoader/Mixin) Mixin config fabric-data-generation-api-v1.client.mixins.json does not specify "minVersion" or "requiredFeatures" property
[13:03:58] [main/DEBUG] (FabricLoader/Mixin) Mixin config fabric-sound-api-v1.mixins.json does not specify "minVersion" or "requiredFeatures" property
[13:03:58] [main/DEBUG] (FabricLoader/Mixin) Mixin config fabric-item-group-api-v1.mixins.json does not specify "minVersion" or "requiredFeatures" property
[13:03:58] [main/DEBUG] (FabricLoader/Mixin) Mixin config fabric-item-group-api-v1.client.mixins.json does not specify "minVersion" or "requiredFeatures" property
[13:03:58] [main/DEBUG] (FabricLoader/Mixin) Mixin config fabric-events-interaction-v0.mixins.json does not specify "minVersion" or "requiredFeatures" property
[13:03:58] [main/DEBUG] (FabricLoader/Mixin) Mixin config fabric-events-interaction-v0.client.mixins.json does not specify "minVersion" or "requiredFeatures" property
[13:03:58] [main/DEBUG] (FabricLoader/Mixin) Mixin config fabric-rendering-fluids-v1.mixins.json does not specify "minVersion" or "requiredFeatures" property
[13:03:58] [main/DEBUG] (FabricLoader/Mixin) Mixin config fabric-particles-v1.mixins.json does not specify "minVersion" or "requiredFeatures" property
[13:03:58] [main/DEBUG] (FabricLoader/Mixin) Mixin config fabric-particles-v1.client.mixins.json does not specify "minVersion" or "requiredFeatures" property
[13:03:58] [main/DEBUG] (FabricLoader/Mixin) Mixin config fabric-entity-events-v1.mixins.json does not specify "minVersion" or "requiredFeatures" property
[13:03:58] [main/DEBUG] (FabricLoader/Mixin) Mixin config fabric-game-rule-api-v1.mixins.json does not specify "minVersion" or "requiredFeatures" property
[13:03:58] [main/DEBUG] (FabricLoader/Mixin) Mixin config fabric-game-rule-api-v1.client.mixins.json does not specify "minVersion" or "requiredFeatures" property
[13:03:58] [main/DEBUG] (FabricLoader/Mixin) Mixin config fabric-object-builder-v1.mixins.json does not specify "minVersion" or "requiredFeatures" property
[13:03:58] [main/DEBUG] (FabricLoader/Mixin) Mixin config fabric-object-builder-v1.client.mixins.json does not specify "minVersion" or "requiredFeatures" property
[13:03:58] [main/DEBUG] (FabricLoader/Mixin) Mixin config fabric-message-api-v1.mixins.json does not specify "minVersion" or "requiredFeatures" property
[13:03:58] [main/DEBUG] (FabricLoader/Mixin) Mixin config fabric-message-api-v1.client.mixins.json does not specify "minVersion" or "requiredFeatures" property
[13:03:58] [main/DEBUG] (FabricLoader/Mixin) Mixin config fabric-dimensions-v1.mixins.json does not specify "minVersion" or "requiredFeatures" property
[13:03:58] [main/DEBUG] (FabricLoader/Mixin) Mixin config fabric-renderer-api-v1.mixins.json does not specify "minVersion" or "requiredFeatures" property
[13:03:58] [main/DEBUG] (FabricLoader/Mixin) Mixin config fabric-command-api-v2.mixins.json does not specify "minVersion" or "requiredFeatures" property
[13:03:58] [main/DEBUG] (FabricLoader/Mixin) Mixin config fabric-command-api-v2.client.mixins.json does not specify "minVersion" or "requiredFeatures" property
[13:03:58] [main/DEBUG] (FabricLoader/Mixin) Mixin config fabric-data-attachment-api-v1.mixins.json does not specify "minVersion" or "requiredFeatures" property
[13:03:58] [main/DEBUG] (FabricLoader/Mixin) Mixin config fabric-data-attachment-api-v1.client.mixins.json does not specify "minVersion" or "requiredFeatures" property
[13:03:58] [main/DEBUG] (FabricLoader/Mixin) Mixin config fabric-convention-tags-api-v2.mixins.json does not specify "minVersion" or "requiredFeatures" property
[13:03:58] [main/DEBUG] (FabricLoader/Mixin) Mixin config fabric-content-registries-v0.mixins.json does not specify "minVersion" or "requiredFeatures" property
[13:03:58] [main/DEBUG] (FabricLoader/Mixin) Mixin config fabric-recipe-api-v1.mixins.json does not specify "minVersion" or "requiredFeatures" property
[13:03:58] [main/ERROR] (FabricLoader) Uncaught exception in thread "main"
java.lang.RuntimeException: Error parsing or using Mixin config mixins.baritone.json for mod pathmind
	at net.fabricmc.loader.impl.launch.FabricMixinBootstrap.init(FabricMixinBootstrap.java:97) ~[fabric-loader-0.17.2.jar:?]
	at net.fabricmc.loader.impl.launch.knot.Knot.init(Knot.java:147) ~[fabric-loader-0.17.2.jar:?]
	at net.fabricmc.loader.impl.launch.knot.Knot.launch(Knot.java:66) ~[fabric-loader-0.17.2.jar:?]
	at net.fabricmc.loader.impl.launch.knot.KnotClient.main(KnotClient.java:23) ~[fabric-loader-0.17.2.jar:?]
	at net.fabricmc.devlaunchinjector.Main.main(Main.java:86) ~[?:?]
Caused by: org.spongepowered.asm.launch.MixinInitialisationError: Error initialising mixin config mixins.baritone.json
	at org.spongepowered.asm.mixin.transformer.Config.create(Config.java:168) ~[sponge-mixin-0.16.3+mixin.0.8.7.jar:0.16.3+mixin.0.8.7]
	at org.spongepowered.asm.mixin.Mixins.createConfiguration(Mixins.java:121) ~[sponge-mixin-0.16.3+mixin.0.8.7.jar:0.16.3+mixin.0.8.7]
	at org.spongepowered.asm.mixin.Mixins.addConfiguration(Mixins.java:108) ~[sponge-mixin-0.16.3+mixin.0.8.7.jar:0.16.3+mixin.0.8.7]
	at org.spongepowered.asm.mixin.Mixins.addConfiguration(Mixins.java:98) ~[sponge-mixin-0.16.3+mixin.0.8.7.jar:0.16.3+mixin.0.8.7]
	at net.fabricmc.loader.impl.launch.FabricMixinBootstrap.init(FabricMixinBootstrap.java:95) ~[fabric-loader-0.17.2.jar:?]
	... 4 more
Caused by: java.lang.IllegalArgumentException: The specified resource 'mixins.baritone.json' was invalid or could not be read
	at org.spongepowered.asm.mixin.transformer.MixinConfig.create(MixinConfig.java:1395) ~[sponge-mixin-0.16.3+mixin.0.8.7.jar:0.16.3+mixin.0.8.7]
	at org.spongepowered.asm.mixin.transformer.Config.create(Config.java:163) ~[sponge-mixin-0.16.3+mixin.0.8.7.jar:0.16.3+mixin.0.8.7]
	at org.spongepowered.asm.mixin.Mixins.createConfiguration(Mixins.java:121) ~[sponge-mixin-0.16.3+mixin.0.8.7.jar:0.16.3+mixin.0.8.7]
	at org.spongepowered.asm.mixin.Mixins.addConfiguration(Mixins.java:108) ~[sponge-mixin-0.16.3+mixin.0.8.7.jar:0.16.3+mixin.0.8.7]
	at org.spongepowered.asm.mixin.Mixins.addConfiguration(Mixins.java:98) ~[sponge-mixin-0.16.3+mixin.0.8.7.jar:0.16.3+mixin.0.8.7]
	at net.fabricmc.loader.impl.launch.FabricMixinBootstrap.init(FabricMixinBootstrap.java:95) ~[fabric-loader-0.17.2.jar:?]
	... 4 more
